Arguments: 
  /usr/local/bin/node /usr/local/Cellar/yarn/1.9.4/libexec/bin/yarn.js add mgrs;

PATH: 
  /usr/local/bin:/usr/local/bin/node_modules/.bin:/Library/Frameworks/Python.framework/Versions/2.7/bin:/usr/local/opt/python@2/bin:/usr/local/opt/python@2/bin:/Users/greg/Downloads/google-cloud-sdk/bin:/usr/local/bin:/Users/greg/Library/Python/2.7/bin:/Users/greg/bin:/usr/local/opt/openssl/bin:/usr/local/opt/python/libexec/bin:/usr/local/sbin:/usr/local/bin:/usr/bin:/bin:/usr/sbin:/sbin:/opt/X11/bin

Yarn version: 
  1.9.4

Node version: 
  10.0.0

Platform: 
  darwin x64

Trace: 
  Error: https://registry.yarnpkg.com/mgrs;: Not found
      at Request.params.callback [as _callback] (/usr/local/Cellar/yarn/1.9.4/libexec/lib/cli.js:64202:18)
      at Request.self.callback (/usr/local/Cellar/yarn/1.9.4/libexec/lib/cli.js:137468:22)
      at Request.emit (events.js:182:13)
      at Request.<anonymous> (/usr/local/Cellar/yarn/1.9.4/libexec/lib/cli.js:138440:10)
      at Request.emit (events.js:182:13)
      at IncomingMessage.<anonymous> (/usr/local/Cellar/yarn/1.9.4/libexec/lib/cli.js:138362:12)
      at Object.onceWrapper (events.js:275:13)
      at IncomingMessage.emit (events.js:187:15)
      at endReadableNT (_stream_readable.js:1091:14)
      at process._tickCallback (internal/process/next_tick.js:174:19)

npm manifest: 
  {
    "dependencies": {
      "mgrs": "file:libs/mgrs"
    }
  }

yarn manifest: 
  No manifest

Lockfile: 
  # THIS IS AN AUTOGENERATED FILE. DO NOT EDIT THIS FILE DIRECTLY.
  # yarn lockfile v1
  
  
  "mgrs@file:libs/mgrs":
    version "1.0.1-alpha"
